#
# There is insufficient memory for the Java Runtime Environment to continue.
# Native memory allocation (malloc) failed to allocate 41456 bytes for Chunk::new
# Possible reasons:
#   The system is out of physical RAM or swap space
#   The process is running with CompressedOops enabled, and the Java Heap may be blocking the growth of the native heap
# Possible solutions:
#   Reduce memory load on the system
#   Increase physical memory or swap space
#   Check if swap backing store is full
#   Decrease Java heap size (-Xmx/-Xms)
#   Decrease number of Java threads
#   Decrease Java thread stack sizes (-Xss)
#   Set larger code cache with -XX:ReservedCodeCacheSize=
#   JVM is running with Unscaled Compressed Oops mode in which the Java heap is
#     placed in the first 4GB address space. The Java Heap base address is the
#     maximum limit for the native heap growth. Please use -XX:HeapBaseMinAddress
#     to set the Java Heap base and to place the Java Heap above 4GB virtual address.
# This output file may be truncated or incomplete.
#
#  Out of Memory Error (arena.cpp:189), pid=9824, tid=1516
#
# JRE version: OpenJDK Runtime Environment Temurin-17.0.4+8 (17.0.4+8) (build 17.0.4+8)
# Java VM: OpenJDK 64-Bit Server VM Temurin-17.0.4+8 (17.0.4+8, mixed mode, tiered, compressed oops, compressed class ptrs, g1 gc, windows-amd64)
# No core dump will be written. Minidumps are not enabled by default on client versions of Windows
#

---------------  S U M M A R Y ------------

Command Line: -Dmaven.home=EMBEDDED -Dclassworlds.conf=F:\SPRING BOOT\.metadata\.plugins\org.eclipse.m2e.launching\launches\m2conf15676931106944146825.tmp -Dmaven.multiModuleProjectDirectory=F:\SPRING BOOT\ComplaintRedressalSystem -Djansi.force=true -Djansi.passthrough=true -Djansi.passthrough=true -Dfile.encoding=Cp1252 -XX:+ShowCodeDetailsInExceptionMessages org.codehaus.plexus.classworlds.launcher.Launcher -Ppom.xml -B install -Dstyle.color=always -Dstyle.color=always

Host: Intel(R) Core(TM) i3-6006U CPU @ 2.00GHz, 4 cores, 3G,  Windows 10 , 64 bit Build 19041 (10.0.19041.1889)
Time: Tue Sep 20 18:04:37 2022 India Standard Time elapsed time: 21.753221 seconds (0d 0h 0m 21s)

---------------  T H R E A D  ---------------

Current thread (0x000001c0f640e5a0):  JavaThread "C2 CompilerThread0" daemon [_thread_in_native, id=1516, stack(0x00000007ecf00000,0x00000007ed000000)]


Current CompileTask:
C2:  21753 6619       4       java.lang.StringLatin1::regionMatchesCI (98 bytes)

Stack: [0x00000007ecf00000,0x00000007ed000000]
Native frames: (J=compiled Java code, j=interpreted, Vv=VM code, C=native code)
V  [jvm.dll+0x67733a]
V  [jvm.dll+0x8323c4]
V  [jvm.dll+0x833b6e]
V  [jvm.dll+0x8341d3]
V  [jvm.dll+0x2455e5]
V  [jvm.dll+0xabd7b]
V  [jvm.dll+0xac30c]
V  [jvm.dll+0x363a22]
V  [jvm.dll+0x1bb835]
V  [jvm.dll+0x218629]
V  [jvm.dll+0x2178f1]
V  [jvm.dll+0x1a3f8d]
V  [jvm.dll+0x227308]
V  [jvm.dll+0x225455]
V  [jvm.dll+0x7e7eeb]
V  [jvm.dll+0x7e245a]
V  [jvm.dll+0x6761c5]
C  [ucrtbase.dll+0x21bb2]
C  [KERNEL32.DLL+0x17034]
C  [ntdll.dll+0x526a1]


---------------  P R O C E S S  ---------------

Threads class SMR info:
_java_thread_list=0x000001c0f82875f0, length=23, elements={
0x000001c0de7cebe0, 0x000001c0f58d2150, 0x000001c0f58d36f0, 0x000001c0f58fd1b0,
0x000001c0f58fda70, 0x000001c0f64093a0, 0x000001c0f6409c60, 0x000001c0f640e5a0,
0x000001c0f6417450, 0x000001c0f642a0f0, 0x000001c0f65727e0, 0x000001c0f657af70,
0x000001c0f96d2d00, 0x000001c0f96d31d0, 0x000001c0f866d950, 0x000001c0f6d09c80,
0x000001c0f69b24a0, 0x000001c0f96e8ff0, 0x000001c0f9106ed0, 0x000001c0f9107870,
0x000001c0f9106060, 0x000001c0f91073a0, 0x000001c0f9106530
}

Java Threads: ( => current thread )
  0x000001c0de7cebe0 JavaThread "main" [_thread_in_native, id=12652, stack(0x00000007ec200000,0x00000007ec300000)]
  0x000001c0f58d2150 JavaThread "Reference Handler" daemon [_thread_blocked, id=15572, stack(0x00000007ec900000,0x00000007eca00000)]
  0x000001c0f58d36f0 JavaThread "Finalizer" daemon [_thread_blocked, id=10868, stack(0x00000007eca00000,0x00000007ecb00000)]
  0x000001c0f58fd1b0 JavaThread "Signal Dispatcher" daemon [_thread_blocked, id=15700, stack(0x00000007ecb00000,0x00000007ecc00000)]
  0x000001c0f58fda70 JavaThread "Attach Listener" daemon [_thread_blocked, id=7172, stack(0x00000007ecc00000,0x00000007ecd00000)]
  0x000001c0f64093a0 JavaThread "Service Thread" daemon [_thread_blocked, id=12292, stack(0x00000007ecd00000,0x00000007ece00000)]
  0x000001c0f6409c60 JavaThread "Monitor Deflation Thread" daemon [_thread_blocked, id=12356, stack(0x00000007ece00000,0x00000007ecf00000)]
=>0x000001c0f640e5a0 JavaThread "C2 CompilerThread0" daemon [_thread_in_native, id=1516, stack(0x00000007ecf00000,0x00000007ed000000)]
  0x000001c0f6417450 JavaThread "C1 CompilerThread0" daemon [_thread_blocked, id=16288, stack(0x00000007ed000000,0x00000007ed100000)]
  0x000001c0f642a0f0 JavaThread "Sweeper thread" daemon [_thread_blocked, id=15316, stack(0x00000007ed100000,0x00000007ed200000)]
  0x000001c0f65727e0 JavaThread "Notification Thread" daemon [_thread_blocked, id=15332, stack(0x00000007ed200000,0x00000007ed300000)]
  0x000001c0f657af70 JavaThread "Common-Cleaner" daemon [_thread_blocked, id=11980, stack(0x00000007ed400000,0x00000007ed500000)]
  0x000001c0f96d2d00 JavaThread "resolver-1" daemon [_thread_blocked, id=3256, stack(0x00000007ed800000,0x00000007ed900000)]
  0x000001c0f96d31d0 JavaThread "resolver-2" daemon [_thread_blocked, id=8396, stack(0x00000007ed900000,0x00000007eda00000)]
  0x000001c0f866d950 JavaThread "resolver-3" daemon [_thread_blocked, id=8080, stack(0x00000007eda00000,0x00000007edb00000)]
  0x000001c0f6d09c80 JavaThread "resolver-4" daemon [_thread_blocked, id=15940, stack(0x00000007edb00000,0x00000007edc00000)]
  0x000001c0f69b24a0 JavaThread "resolver-5" daemon [_thread_blocked, id=5384, stack(0x00000007edc00000,0x00000007edd00000)]
  0x000001c0f96e8ff0 JavaThread "timeout-check-timer" daemon [_thread_blocked, id=11972, stack(0x00000007edd00000,0x00000007ede00000)]
  0x000001c0f9106ed0 JavaThread "ping-timer-10s" daemon [_thread_blocked, id=14652, stack(0x00000007ede00000,0x00000007edf00000)]
  0x000001c0f9107870 JavaThread "ThreadedStreamConsumer" daemon [_thread_blocked, id=15672, stack(0x00000007edf00000,0x00000007ee000000)]
  0x000001c0f9106060 JavaThread "Thread-2" [_thread_blocked, id=9720, stack(0x00000007ee000000,0x00000007ee100000)]
  0x000001c0f91073a0 JavaThread "Thread-3" [_thread_in_native, id=15412, stack(0x00000007ee100000,0x00000007ee200000)]
  0x000001c0f9106530 JavaThread "Thread-4" [_thread_in_native, id=16176, stack(0x00000007ee200000,0x00000007ee300000)]

Other Threads:
  0x000001c0de8a1290 VMThread "VM Thread" [stack: 0x00000007ec800000,0x00000007ec900000] [id=1336]
  0x000001c0f6578cd0 WatcherThread [stack: 0x00000007ed300000,0x00000007ed400000] [id=15632]
  0x000001c0de80abc0 GCTaskThread "GC Thread#0" [stack: 0x00000007ec300000,0x00000007ec400000] [id=15092]
  0x000001c0f6663360 GCTaskThread "GC Thread#1" [stack: 0x00000007ed500000,0x00000007ed600000] [id=10760]
  0x000001c0f6e76dc0 GCTaskThread "GC Thread#2" [stack: 0x00000007ed600000,0x00000007ed700000] [id=15712]
  0x000001c0f6e4a100 GCTaskThread "GC Thread#3" [stack: 0x00000007ed700000,0x00000007ed800000] [id=1968]
  0x000001c0de813e70 ConcurrentGCThread "G1 Main Marker" [stack: 0x00000007ec400000,0x00000007ec500000] [id=2640]
  0x000001c0de814790 ConcurrentGCThread "G1 Conc#0" [stack: 0x00000007ec500000,0x00000007ec600000] [id=8976]
  0x000001c0de863630 ConcurrentGCThread "G1 Refine#0" [stack: 0x00000007ec600000,0x00000007ec700000] [id=13620]
  0x000001c0de865e70 ConcurrentGCThread "G1 Service" [stack: 0x00000007ec700000,0x00000007ec800000] [id=4740]

Threads with active compile tasks:
C2 CompilerThread0    21816 6619       4       java.lang.StringLatin1::regionMatchesCI (98 bytes)

VM state: not at safepoint (normal execution)

VM Mutex/Monitor currently owned by a thread: None

Heap address: 0x00000000c1a00000, size: 998 MB, Compressed Oops mode: 32-bit

CDS archive(s) not mapped
Compressed class space mapped at: 0x0000000100000000-0x0000000140000000, reserved size: 1073741824
Narrow klass base: 0x0000000000000000, Narrow klass shift: 3, Narrow klass range: 0x140000000

GC Precious Log:
 CPUs: 4 total, 4 available
 Memory: 3987M
 Large Page Support: Disabled
 NUMA Support: Disabled
 Compressed Oops: Enabled (32-bit)
 Heap Region Size: 1M
 Heap Min Capacity: 8M
 Heap Initial Capacity: 64M
 Heap Max Capacity: 998M
 Pre-touch: Disabled
 Parallel Workers: 4
 Concurrent Workers: 1
 Concurrent Refinement Workers: 4
 Periodic GC: Disabled

Heap:
 garbage-first heap   total 163840K, used 48619K [0x00000000c1a00000, 0x0000000100000000)
  region size 1024K, 5 young (5120K), 4 survivors (4096K)
 Metaspace       used 36281K, committed 36608K, reserved 1089536K
  class space    used 3766K, committed 3904K, reserved 1048576K

Heap Regions: E=young(eden), S=young(survivor), O=old, HS=humongous(starts), HC=humongous(continues), CS=collection set, F=free, OA=open archive, CA=closed archive, TAMS=top-at-mark-start (previous, next)
|   0|0x00000000c1a00000, 0x00000000c1b00000, 0x00000000c1b00000|100%| O|  |TAMS 0x00000000c1b00000, 0x00000000c1a00000| Untracked 
|   1|0x00000000c1b00000, 0x00000000c1c00000, 0x00000000c1c00000|100%| O|  |TAMS 0x00000000c1c00000, 0x00000000c1b00000| Untracked 
|   2|0x00000000c1c00000, 0x00000000c1d00000, 0x00000000c1d00000|100%| O|  |TAMS 0x00000000c1d00000, 0x00000000c1c00000| Untracked 
|   3|0x00000000c1d00000, 0x00000000c1e00000, 0x00000000c1e00000|100%| O|  |TAMS 0x00000000c1e00000, 0x00000000c1d00000| Untracked 
|   4|0x00000000c1e00000, 0x00000000c1f00000, 0x00000000c1f00000|100%| O|  |TAMS 0x00000000c1f00000, 0x00000000c1e00000| Untracked 
|   5|0x00000000c1f00000, 0x00000000c2000000, 0x00000000c2000000|100%| O|  |TAMS 0x00000000c2000000, 0x00000000c1f00000| Untracked 
|   6|0x00000000c2000000, 0x00000000c2100000, 0x00000000c2100000|100%| O|  |TAMS 0x00000000c2100000, 0x00000000c2000000| Untracked 
|   7|0x00000000c2100000, 0x00000000c2200000, 0x00000000c2200000|100%| O|  |TAMS 0x00000000c2200000, 0x00000000c2100000| Untracked 
|   8|0x00000000c2200000, 0x00000000c2300000, 0x00000000c2300000|100%| O|  |TAMS 0x00000000c2300000, 0x00000000c2200000| Untracked 
|   9|0x00000000c2300000, 0x00000000c2400000, 0x00000000c2400000|100%| O|  |TAMS 0x00000000c2400000, 0x00000000c2300000| Untracked 
|  10|0x00000000c2400000, 0x00000000c2500000, 0x00000000c2500000|100%| O|  |TAMS 0x00000000c2400000, 0x00000000c2400000| Untracked 
|  11|0x00000000c2500000, 0x00000000c2600000, 0x00000000c2600000|100%| O|  |TAMS 0x00000000c2500000, 0x00000000c2500000| Untracked 
|  12|0x00000000c2600000, 0x00000000c2600000, 0x00000000c2700000|  0%| F|  |TAMS 0x00000000c2600000, 0x00000000c2600000| Untracked 
|  13|0x00000000c2700000, 0x00000000c2700000, 0x00000000c2800000|  0%| F|  |TAMS 0x00000000c2700000, 0x00000000c2700000| Untracked 
|  14|0x00000000c2800000, 0x00000000c289ce00, 0x00000000c2900000| 61%| O|  |TAMS 0x00000000c2800000, 0x00000000c2800000| Untracked 
|  15|0x00000000c2900000, 0x00000000c2a00000, 0x00000000c2a00000|100%| O|  |TAMS 0x00000000c2a00000, 0x00000000c2900000| Untracked 
|  16|0x00000000c2a00000, 0x00000000c2b00000, 0x00000000c2b00000|100%| O|  |TAMS 0x00000000c2b00000, 0x00000000c2a00000| Untracked 
|  17|0x00000000c2b00000, 0x00000000c2b00000, 0x00000000c2c00000|  0%| F|  |TAMS 0x00000000c2b00000, 0x00000000c2b00000| Untracked 
|  18|0x00000000c2c00000, 0x00000000c2c00000, 0x00000000c2d00000|  0%| F|  |TAMS 0x00000000c2c00000, 0x00000000c2c00000| Untracked 
|  19|0x00000000c2d00000, 0x00000000c2e00000, 0x00000000c2e00000|100%| O|  |TAMS 0x00000000c2e00000, 0x00000000c2d00000| Untracked 
|  20|0x00000000c2e00000, 0x00000000c2f00000, 0x00000000c2f00000|100%| O|  |TAMS 0x00000000c2f00000, 0x00000000c2e00000| Untracked 
|  21|0x00000000c2f00000, 0x00000000c3000000, 0x00000000c3000000|100%| O|  |TAMS 0x00000000c3000000, 0x00000000c2f00000| Untracked 
|  22|0x00000000c3000000, 0x00000000c3100000, 0x00000000c3100000|100%| O|  |TAMS 0x00000000c3100000, 0x00000000c3000000| Complete 
|  23|0x00000000c3100000, 0x00000000c3200000, 0x00000000c3200000|100%| O|  |TAMS 0x00000000c3200000, 0x00000000c3100000| Complete 
|  24|0x00000000c3200000, 0x00000000c3200000, 0x00000000c3300000|  0%| F|  |TAMS 0x00000000c3200000, 0x00000000c3200000| Untracked 
|  25|0x00000000c3300000, 0x00000000c3400000, 0x00000000c3400000|100%|HS|  |TAMS 0x00000000c3400000, 0x00000000c3300000| Complete 
|  26|0x00000000c3400000, 0x00000000c3500000, 0x00000000c3500000|100%| O|  |TAMS 0x00000000c3500000, 0x00000000c3400000| Untracked 
|  27|0x00000000c3500000, 0x00000000c3600000, 0x00000000c3600000|100%| O|  |TAMS 0x00000000c3600000, 0x00000000c3500000| Untracked 
|  28|0x00000000c3600000, 0x00000000c3700000, 0x00000000c3700000|100%| O|  |TAMS 0x00000000c3700000, 0x00000000c3600000| Untracked 
|  29|0x00000000c3700000, 0x00000000c3800000, 0x00000000c3800000|100%| O|  |TAMS 0x00000000c3800000, 0x00000000c3700000| Untracked 
|  30|0x00000000c3800000, 0x00000000c3900000, 0x00000000c3900000|100%| O|  |TAMS 0x00000000c3900000, 0x00000000c3800000| Untracked 
|  31|0x00000000c3900000, 0x00000000c3900000, 0x00000000c3a00000|  0%| F|  |TAMS 0x00000000c3900000, 0x00000000c3900000| Untracked 
|  32|0x00000000c3a00000, 0x00000000c3a00000, 0x00000000c3b00000|  0%| F|  |TAMS 0x00000000c3a00000, 0x00000000c3a00000| Untracked 
|  33|0x00000000c3b00000, 0x00000000c3c00000, 0x00000000c3c00000|100%| O|  |TAMS 0x00000000c3c00000, 0x00000000c3b00000| Untracked 
|  34|0x00000000c3c00000, 0x00000000c3d00000, 0x00000000c3d00000|100%|HS|  |TAMS 0x00000000c3d00000, 0x00000000c3c00000| Complete 
|  35|0x00000000c3d00000, 0x00000000c3e00000, 0x00000000c3e00000|100%| O|  |TAMS 0x00000000c3e00000, 0x00000000c3d00000| Untracked 
|  36|0x00000000c3e00000, 0x00000000c3f00000, 0x00000000c3f00000|100%| O|  |TAMS 0x00000000c3f00000, 0x00000000c3e00000| Complete 
|  37|0x00000000c3f00000, 0x00000000c4000000, 0x00000000c4000000|100%| O|  |TAMS 0x00000000c4000000, 0x00000000c3f00000| Untracked 
|  38|0x00000000c4000000, 0x00000000c4100000, 0x00000000c4100000|100%| O|  |TAMS 0x00000000c4100000, 0x00000000c4000000| Untracked 
|  39|0x00000000c4100000, 0x00000000c4200000, 0x00000000c4200000|100%| O|  |TAMS 0x00000000c4200000, 0x00000000c4100000| Untracked 
|  40|0x00000000c4200000, 0x00000000c4300000, 0x00000000c4300000|100%| O|  |TAMS 0x00000000c4300000, 0x00000000c4200000| Untracked 
|  41|0x00000000c4300000, 0x00000000c4400000, 0x00000000c4400000|100%| O|  |TAMS 0x00000000c4400000, 0x00000000c4300000| Untracked 
|  42|0x00000000c4400000, 0x00000000c4500000, 0x00000000c4500000|100%| O|  |TAMS 0x00000000c4500000, 0x00000000c4400000| Untracked 
|  43|0x00000000c4500000, 0x00000000c4600000, 0x00000000c4600000|100%| O|  |TAMS 0x00000000c4600000, 0x00000000c4500000| Untracked 
|  44|0x00000000c4600000, 0x00000000c4700000, 0x00000000c4700000|100%| O|  |TAMS 0x00000000c4700000, 0x00000000c4600000| Untracked 
|  45|0x00000000c4700000, 0x00000000c4800000, 0x00000000c4800000|100%| O|  |TAMS 0x00000000c4800000, 0x00000000c4700000| Untracked 
|  46|0x00000000c4800000, 0x00000000c4900000, 0x00000000c4900000|100%| O|  |TAMS 0x00000000c4900000, 0x00000000c4800000| Untracked 
|  47|0x00000000c4900000, 0x00000000c4a00000, 0x00000000c4a00000|100%| O|  |TAMS 0x00000000c4a00000, 0x00000000c4900000| Untracked 
|  48|0x00000000c4a00000, 0x00000000c4b00000, 0x00000000c4b00000|100%| O|  |TAMS 0x00000000c4b00000, 0x00000000c4a00000| Untracked 
|  49|0x00000000c4b00000, 0x00000000c4c00000, 0x00000000c4c00000|100%| O|  |TAMS 0x00000000c4c00000, 0x00000000c4b00000| Untracked 
|  50|0x00000000c4c00000, 0x00000000c4d00000, 0x00000000c4d00000|100%| O|  |TAMS 0x00000000c4c79400, 0x00000000c4c00000| Untracked 
|  51|0x00000000c4d00000, 0x00000000c4d00000, 0x00000000c4e00000|  0%| F|  |TAMS 0x00000000c4d00000, 0x00000000c4d00000| Untracked 
|  52|0x00000000c4e00000, 0x00000000c4e00000, 0x00000000c4f00000|  0%| F|  |TAMS 0x00000000c4e00000, 0x00000000c4e00000| Untracked 
|  53|0x00000000c4f00000, 0x00000000c4f00000, 0x00000000c5000000|  0%| F|  |TAMS 0x00000000c4f00000, 0x00000000c4f00000| Untracked 
|  54|0x00000000c5000000, 0x00000000c5000000, 0x00000000c5100000|  0%| F|  |TAMS 0x00000000c5000000, 0x00000000c5000000| Untracked 
|  55|0x00000000c5100000, 0x00000000c5100000, 0x00000000c5200000|  0%| F|  |TAMS 0x00000000c5100000, 0x00000000c5100000| Untracked 
|  56|0x00000000c5200000, 0x00000000c5200000, 0x00000000c5300000|  0%| F|  |TAMS 0x00000000c5200000, 0x00000000c5200000| Untracked 
|  57|0x00000000c5300000, 0x00000000c5300000, 0x00000000c5400000|  0%| F|  |TAMS 0x00000000c5300000, 0x00000000c5300000| Untracked 
|  58|0x00000000c5400000, 0x00000000c5400000, 0x00000000c5500000|  0%| F|  |TAMS 0x00000000c5400000, 0x00000000c5400000| Untracked 
|  59|0x00000000c5500000, 0x00000000c5500000, 0x00000000c5600000|  0%| F|  |TAMS 0x00000000c5500000, 0x00000000c5500000| Untracked 
|  60|0x00000000c5600000, 0x00000000c5600000, 0x00000000c5700000|  0%| F|  |TAMS 0x00000000c5600000, 0x00000000c5600000| Untracked 
|  61|0x00000000c5700000, 0x00000000c5700000, 0x00000000c5800000|  0%| F|  |TAMS 0x00000000c5700000, 0x00000000c5700000| Untracked 
|  62|0x00000000c5800000, 0x00000000c5800000, 0x00000000c5900000|  0%| F|  |TAMS 0x00000000c5800000, 0x00000000c5800000| Untracked 
|  63|0x00000000c5900000, 0x00000000c5900000, 0x00000000c5a00000|  0%| F|  |TAMS 0x00000000c5900000, 0x00000000c5900000| Untracked 
|  64|0x00000000c5a00000, 0x00000000c5a00000, 0x00000000c5b00000|  0%| F|  |TAMS 0x00000000c5a00000, 0x00000000c5a00000| Untracked 
|  65|0x00000000c5b00000, 0x00000000c5b00000, 0x00000000c5c00000|  0%| F|  |TAMS 0x00000000c5b00000, 0x00000000c5b00000| Untracked 
|  66|0x00000000c5c00000, 0x00000000c5c00000, 0x00000000c5d00000|  0%| F|  |TAMS 0x00000000c5c00000, 0x00000000c5c00000| Untracked 
|  67|0x00000000c5d00000, 0x00000000c5d00000, 0x00000000c5e00000|  0%| F|  |TAMS 0x00000000c5d00000, 0x00000000c5d00000| Untracked 
|  68|0x00000000c5e00000, 0x00000000c5e00000, 0x00000000c5f00000|  0%| F|  |TAMS 0x00000000c5e00000, 0x00000000c5e00000| Untracked 
|  69|0x00000000c5f00000, 0x00000000c5f00000, 0x00000000c6000000|  0%| F|  |TAMS 0x00000000c5f00000, 0x00000000c5f00000| Untracked 
|  70|0x00000000c6000000, 0x00000000c6000000, 0x00000000c6100000|  0%| F|  |TAMS 0x00000000c6000000, 0x00000000c6000000| Untracked 
|  71|0x00000000c6100000, 0x00000000c6100000, 0x00000000c6200000|  0%| F|  |TAMS 0x00000000c6100000, 0x00000000c6100000| Untracked 
|  72|0x00000000c6200000, 0x00000000c6200000, 0x00000000c6300000|  0%| F|  |TAMS 0x00000000c6200000, 0x00000000c6200000| Untracked 
|  73|0x00000000c6300000, 0x00000000c6300000, 0x00000000c6400000|  0%| F|  |TAMS 0x00000000c6300000, 0x00000000c6300000| Untracked 
|  74|0x00000000c6400000, 0x00000000c6400000, 0x00000000c6500000|  0%| F|  |TAMS 0x00000000c6400000, 0x00000000c6400000| Untracked 
|  75|0x00000000c6500000, 0x00000000c6500000, 0x00000000c6600000|  0%| F|  |TAMS 0x00000000c6500000, 0x00000000c6500000| Untracked 
|  76|0x00000000c6600000, 0x00000000c6600000, 0x00000000c6700000|  0%| F|  |TAMS 0x00000000c6600000, 0x00000000c6600000| Untracked 
|  77|0x00000000c6700000, 0x00000000c6700000, 0x00000000c6800000|  0%| F|  |TAMS 0x00000000c6700000, 0x00000000c6700000| Untracked 
|  78|0x00000000c6800000, 0x00000000c6800000, 0x00000000c6900000|  0%| F|  |TAMS 0x00000000c6800000, 0x00000000c6800000| Untracked 
|  79|0x00000000c6900000, 0x00000000c6900000, 0x00000000c6a00000|  0%| F|  |TAMS 0x00000000c6900000, 0x00000000c6900000| Untracked 
|  80|0x00000000c6a00000, 0x00000000c6a00000, 0x00000000c6b00000|  0%| F|  |TAMS 0x00000000c6a00000, 0x00000000c6a00000| Untracked 
|  81|0x00000000c6b00000, 0x00000000c6b00000, 0x00000000c6c00000|  0%| F|  |TAMS 0x00000000c6b00000, 0x00000000c6b00000| Untracked 
|  82|0x00000000c6c00000, 0x00000000c6c00000, 0x00000000c6d00000|  0%| F|  |TAMS 0x00000000c6c00000, 0x00000000c6c00000| Untracked 
|  83|0x00000000c6d00000, 0x00000000c6d00000, 0x00000000c6e00000|  0%| F|  |TAMS 0x00000000c6d00000, 0x00000000c6d00000| Untracked 
|  84|0x00000000c6e00000, 0x00000000c6e00000, 0x00000000c6f00000|  0%| F|  |TAMS 0x00000000c6e00000, 0x00000000c6e00000| Untracked 
|  85|0x00000000c6f00000, 0x00000000c6f00000, 0x00000000c7000000|  0%| F|  |TAMS 0x00000000c6f00000, 0x00000000c6f00000| Untracked 
|  86|0x00000000c7000000, 0x00000000c7000000, 0x00000000c7100000|  0%| F|  |TAMS 0x00000000c7000000, 0x00000000c7000000| Untracked 
|  87|0x00000000c7100000, 0x00000000c7100000, 0x00000000c7200000|  0%| F|  |TAMS 0x00000000c7100000, 0x00000000c7100000| Untracked 
|  88|0x00000000c7200000, 0x00000000c7200000, 0x00000000c7300000|  0%| F|  |TAMS 0x00000000c7200000, 0x00000000c7200000| Untracked 
|  89|0x00000000c7300000, 0x00000000c7300000, 0x00000000c7400000|  0%| F|  |TAMS 0x00000000c7300000, 0x00000000c7300000| Untracked 
|  90|0x00000000c7400000, 0x00000000c7400000, 0x00000000c7500000|  0%| F|  |TAMS 0x00000000c7400000, 0x00000000c7400000| Untracked 
|  91|0x00000000c7500000, 0x00000000c7500000, 0x00000000c7600000|  0%| F|  |TAMS 0x00000000c7500000, 0x00000000c7500000| Untracked 
|  92|0x00000000c7600000, 0x00000000c7600000, 0x00000000c7700000|  0%| F|  |TAMS 0x00000000c7600000, 0x00000000c7600000| Untracked 
|  93|0x00000000c7700000, 0x00000000c7700000, 0x00000000c7800000|  0%| F|  |TAMS 0x00000000c7700000, 0x00000000c7700000| Untracked 
|  94|0x00000000c7800000, 0x00000000c7800000, 0x00000000c7900000|  0%| F|  |TAMS 0x00000000c7800000, 0x00000000c7800000| Untracked 
|  95|0x00000000c7900000, 0x00000000c7900000, 0x00000000c7a00000|  0%| F|  |TAMS 0x00000000c7900000, 0x00000000c7900000| Untracked 
|  96|0x00000000c7a00000, 0x00000000c7a00000, 0x00000000c7b00000|  0%| F|  |TAMS 0x00000000c7a00000, 0x00000000c7a00000| Untracked 
|  97|0x00000000c7b00000, 0x00000000c7b00000, 0x00000000c7c00000|  0%| F|  |TAMS 0x00000000c7b00000, 0x00000000c7b00000| Untracked 
|  98|0x00000000c7c00000, 0x00000000c7c00000, 0x00000000c7d00000|  0%| F|  |TAMS 0x00000000c7c00000, 0x00000000c7c00000| Untracked 
|  99|0x00000000c7d00000, 0x00000000c7d00000, 0x00000000c7e00000|  0%| F|  |TAMS 0x00000000c7d00000, 0x00000000c7d00000| Untracked 
| 100|0x00000000c7e00000, 0x00000000c7e00000, 0x00000000c7f00000|  0%| F|  |TAMS 0x00000000c7e00000, 0x00000000c7e00000| Untracked 
| 101|0x00000000c7f00000, 0x00000000c7f00000, 0x00000000c8000000|  0%| F|  |TAMS 0x00000000c7f00000, 0x00000000c7f00000| Untracked 
| 102|0x00000000c8000000, 0x00000000c8000000, 0x00000000c8100000|  0%| F|  |TAMS 0x00000000c8000000, 0x00000000c8000000| Untracked 
| 103|0x00000000c8100000, 0x00000000c81de088, 0x00000000c8200000| 86%| S|CS|TAMS 0x00000000c8100000, 0x00000000c8100000| Complete 
| 104|0x00000000c8200000, 0x00000000c8300000, 0x00000000c8300000|100%| S|CS|TAMS 0x00000000c8200000, 0x00000000c8200000| Complete 
| 105|0x00000000c8300000, 0x00000000c8400000, 0x00000000c8400000|100%| S|CS|TAMS 0x00000000c8300000, 0x00000000c8300000| Complete 
| 106|0x00000000c8400000, 0x00000000c8500000, 0x00000000c8500000|100%| S|CS|TAMS 0x00000000c8400000, 0x00000000c8400000| Complete 
| 107|0x00000000c8500000, 0x00000000c8500000, 0x00000000c8600000|  0%| F|  |TAMS 0x00000000c8500000, 0x00000000c8500000| Untracked 
| 108|0x00000000c8600000, 0x00000000c8600000, 0x00000000c8700000|  0%| F|  |TAMS 0x00000000c8600000, 0x00000000c8600000| Untracked 
| 109|0x00000000c8700000, 0x00000000c8700000, 0x00000000c8800000|  0%| F|  |TAMS 0x00000000c8700000, 0x00000000c8700000| Untracked 
| 110|0x00000000c8800000, 0x00000000c8800000, 0x00000000c8900000|  0%| F|  |TAMS 0x00000000c8800000, 0x00000000c8800000| Untracked 
| 111|0x00000000c8900000, 0x00000000c8900000, 0x00000000c8a00000|  0%| F|  |TAMS 0x00000000c8900000, 0x00000000c8900000| Untracked 
| 112|0x00000000c8a00000, 0x00000000c8a00000, 0x00000000c8b00000|  0%| F|  |TAMS 0x00000000c8a00000, 0x00000000c8a00000| Untracked 
| 113|0x00000000c8b00000, 0x00000000c8b00000, 0x00000000c8c00000|  0%| F|  |TAMS 0x00000000c8b00000, 0x00000000c8b00000| Untracked 
| 114|0x00000000c8c00000, 0x00000000c8c00000, 0x00000000c8d00000|  0%| F|  |TAMS 0x00000000c8c00000, 0x00000000c8c00000| Untracked 
| 115|0x00000000c8d00000, 0x00000000c8d00000, 0x00000000c8e00000|  0%| F|  |TAMS 0x00000000c8d00000, 0x00000000c8d00000| Untracked 
| 116|0x00000000c8e00000, 0x00000000c8e00000, 0x00000000c8f00000|  0%| F|  |TAMS 0x00000000c8e00000, 0x00000000c8e00000| Untracked 
| 117|0x00000000c8f00000, 0x00000000c8f00000, 0x00000000c9000000|  0%| F|  |TAMS 0x00000000c8f00000, 0x00000000c8f00000| Untracked 
| 118|0x00000000c9000000, 0x00000000c9000000, 0x00000000c9100000|  0%| F|  |TAMS 0x00000000c9000000, 0x00000000c9000000| Untracked 
| 119|0x00000000c9100000, 0x00000000c9100000, 0x00000000c9200000|  0%| F|  |TAMS 0x00000000c9100000, 0x00000000c9100000| Untracked 
| 120|0x00000000c9200000, 0x00000000c9200000, 0x00000000c9300000|  0%| F|  |TAMS 0x00000000c9200000, 0x00000000c9200000| Untracked 
| 121|0x00000000c9300000, 0x00000000c9300000, 0x00000000c9400000|  0%| F|  |TAMS 0x00000000c9300000, 0x00000000c9300000| Untracked 
| 122|0x00000000c9400000, 0x00000000c9400000, 0x00000000c9500000|  0%| F|  |TAMS 0x00000000c9400000, 0x00000000c9400000| Untracked 
| 123|0x00000000c9500000, 0x00000000c9500000, 0x00000000c9600000|  0%| F|  |TAMS 0x00000000c9500000, 0x00000000c9500000| Untracked 
| 124|0x00000000c9600000, 0x00000000c9600000, 0x00000000c9700000|  0%| F|  |TAMS 0x00000000c9600000, 0x00000000c9600000| Untracked 
| 125|0x00000000c9700000, 0x00000000c9700000, 0x00000000c9800000|  0%| F|  |TAMS 0x00000000c9700000, 0x00000000c9700000| Untracked 
| 126|0x00000000c9800000, 0x00000000c9800000, 0x00000000c9900000|  0%| F|  |TAMS 0x00000000c9800000, 0x00000000c9800000| Untracked 
| 127|0x00000000c9900000, 0x00000000c9900000, 0x00000000c9a00000|  0%| F|  |TAMS 0x00000000c9900000, 0x00000000c9900000| Untracked 
| 128|0x00000000c9a00000, 0x00000000c9a00000, 0x00000000c9b00000|  0%| F|  |TAMS 0x00000000c9a00000, 0x00000000c9a00000| Untracked 
| 129|0x00000000c9b00000, 0x00000000c9b00000, 0x00000000c9c00000|  0%| F|  |TAMS 0x00000000c9b00000, 0x00000000c9b00000| Untracked 
| 130|0x00000000c9c00000, 0x00000000c9c00000, 0x00000000c9d00000|  0%| F|  |TAMS 0x00000000c9c00000, 0x00000000c9c00000| Untracked 
| 131|0x00000000c9d00000, 0x00000000c9d00000, 0x00000000c9e00000|  0%| F|  |TAMS 0x00000000c9d00000, 0x00000000c9d00000| Untracked 
| 132|0x00000000c9e00000, 0x00000000c9e00000, 0x00000000c9f00000|  0%| F|  |TAMS 0x00000000c9e00000, 0x00000000c9e00000| Untracked 
| 133|0x00000000c9f00000, 0x00000000c9f00000, 0x00000000ca000000|  0%| F|  |TAMS 0x00000000c9f00000, 0x00000000c9f00000| Untracked 
| 134|0x00000000ca000000, 0x00000000ca000000, 0x00000000ca100000|  0%| F|  |TAMS 0x00000000ca000000, 0x00000000ca000000| Untracked 
| 135|0x00000000ca100000, 0x00000000ca100000, 0x00000000ca200000|  0%| F|  |TAMS 0x00000000ca100000, 0x00000000ca100000| Untracked 
| 136|0x00000000ca200000, 0x00000000ca200000, 0x00000000ca300000|  0%| F|  |TAMS 0x00000000ca200000, 0x00000000ca200000| Untracked 
| 137|0x00000000ca300000, 0x00000000ca300000, 0x00000000ca400000|  0%| F|  |TAMS 0x00000000ca300000, 0x00000000ca300000| Untracked 
| 138|0x00000000ca400000, 0x00000000ca400000, 0x00000000ca500000|  0%| F|  |TAMS 0x00000000ca400000, 0x00000000ca400000| Untracked 
| 139|0x00000000ca500000, 0x00000000ca500000, 0x00000000ca600000|  0%| F|  |TAMS 0x00000000ca500000, 0x00000000ca500000| Untracked 
| 140|0x00000000ca600000, 0x00000000ca600000, 0x00000000ca700000|  0%| F|  |TAMS 0x00000000ca600000, 0x00000000ca600000| Untracked 
| 141|0x00000000ca700000, 0x00000000ca700000, 0x00000000ca800000|  0%| F|  |TAMS 0x00000000ca700000, 0x00000000ca700000| Untracked 
| 142|0x00000000ca800000, 0x00000000ca800000, 0x00000000ca900000|  0%| F|  |TAMS 0x00000000ca800000, 0x00000000ca800000| Untracked 
| 143|0x00000000ca900000, 0x00000000ca900000, 0x00000000caa00000|  0%| F|  |TAMS 0x00000000ca900000, 0x00000000ca900000| Untracked 
| 144|0x00000000caa00000, 0x00000000caa00000, 0x00000000cab00000|  0%| F|  |TAMS 0x00000000caa00000, 0x00000000caa00000| Untracked 
| 145|0x00000000cab00000, 0x00000000cab00000, 0x00000000cac00000|  0%| F|  |TAMS 0x00000000cab00000, 0x00000000cab00000| Untracked 
| 146|0x00000000cac00000, 0x00000000cac00000, 0x00000000cad00000|  0%| F|  |TAMS 0x00000000cac00000, 0x00000000cac00000| Untracked 
| 147|0x00000000cad00000, 0x00000000cad00000, 0x00000000cae00000|  0%| F|  |TAMS 0x00000000cad00000, 0x00000000cad00000| Untracked 
| 148|0x00000000cae00000, 0x00000000cae00000, 0x00000000caf00000|  0%| F|  |TAMS 0x00000000cae00000, 0x00000000cae00000| Untracked 
| 149|0x00000000caf00000, 0x00000000caf00000, 0x00000000cb000000|  0%| F|  |TAMS 0x00000000caf00000, 0x00000000caf00000| Untracked 
| 150|0x00000000cb000000, 0x00000000cb000000, 0x00000000cb100000|  0%| F|  |TAMS 0x00000000cb000000, 0x00000000cb000000| Untracked 
| 151|0x00000000cb100000, 0x00000000cb100000, 0x00000000cb200000|  0%| F|  |TAMS 0x00000000cb100000, 0x00000000cb100000| Untracked 
| 152|0x00000000cb200000, 0x00000000cb200000, 0x00000000cb300000|  0%| F|  |TAMS 0x00000000cb200000, 0x00000000cb200000| Untracked 
| 153|0x00000000cb300000, 0x00000000cb300000, 0x00000000cb400000|  0%| F|  |TAMS 0x00000000cb300000, 0x00000000cb300000| Untracked 
| 154|0x00000000cb400000, 0x00000000cb400000, 0x00000000cb500000|  0%| F|  |TAMS 0x00000000cb400000, 0x00000000cb400000| Untracked 
| 155|0x00000000cb500000, 0x00000000cb500000, 0x00000000cb600000|  0%| F|  |TAMS 0x00000000cb500000, 0x00000000cb500000| Untracked 
| 156|0x00000000cb600000, 0x00000000cb600000, 0x00000000cb700000|  0%| F|  |TAMS 0x00000000cb600000, 0x00000000cb600000| Untracked 
| 157|0x00000000cb700000, 0x00000000cb700000, 0x00000000cb800000|  0%| F|  |TAMS 0x00000000cb700000, 0x00000000cb700000| Untracked 
| 158|0x00000000cb800000, 0x00000000cb800000, 0x00000000cb900000|  0%| F|  |TAMS 0x00000000cb800000, 0x00000000cb800000| Untracked 
| 159|0x00000000cb900000, 0x00000000cb98a318, 0x00000000cba00000| 53%| E|  |TAMS 0x00000000cb900000, 0x00000000cb900000| Complete 

Card table byte_map: [0x000001c0f10a0000,0x000001c0f12a0000] _byte_map_base: 0x000001c0f0a93000

Marking Bits (Prev, Next): (CMBitMap*) 0x000001c0de80b0e0, (CMBitMap*) 0x000001c0de80b120
 Prev Bits: [0x000001c0f14a0000, 0x000001c0f2438000)
 Next Bits: [0x000001c0f2440000, 0x000001c0f33d8000)

Polling page: 0x000001c0dc7d0000

Metaspace:

Usage:
  Non-class:     31.75 MB used.
      Class:      3.68 MB used.
       Both:     35.43 MB used.

Virtual space:
  Non-class space:       40.00 MB reserved,      31.94 MB ( 80%) committed,  5 nodes.
      Class space:        1.00 GB reserved,       3.81 MB ( <1%) committed,  1 nodes.
             Both:        1.04 GB reserved,      35.75 MB (  3%) committed. 

Chunk freelists:
   Non-Class:  3.73 MB
       Class:  158.00 KB
        Both:  3.89 MB

MaxMetaspaceSize: unlimited
CompressedClassSpaceSize: 1.00 GB
Initial GC threshold: 21.00 MB
Current GC threshold: 55.56 MB
CDS: off
MetaspaceReclaimPolicy: balanced
 - commit_granule_bytes: 65536.
 - commit_granule_words: 8192.
 - virtual_space_node_default_size: 1048576.
 - enlarge_chunks_in_place: 1.
 - new_chunks_are_fully_committed: 0.
 - uncommit_free_chunks: 1.
 - use_allocation_guard: 0.
 - handle_deallocations: 1.


Internal statistics:

num_allocs_failed_limit: 3.
num_arena_births: 206.
num_arena_deaths: 0.
num_vsnodes_births: 6.
num_vsnodes_deaths: 0.
num_space_committed: 572.
num_space_uncommitted: 0.
num_chunks_returned_to_freelist: 3.
num_chunks_taken_from_freelist: 1202.
num_chunk_merges: 3.
num_chunk_splits: 833.
num_chunks_enlarged: 634.
num_purges: 0.
num_inconsistent_stats: 0.

CodeHeap 'non-profiled nmethods': size=120000Kb used=2710Kb max_used=2710Kb free=117289Kb
 bounds [0x000001c0e9970000, 0x000001c0e9c20000, 0x000001c0f0ea0000]
CodeHeap 'profiled nmethods': size=120000Kb used=13346Kb max_used=13346Kb free=106653Kb
 bounds [0x000001c0e2440000, 0x000001c0e3150000, 0x000001c0e9970000]
CodeHeap 'non-nmethods': size=5760Kb used=1230Kb max_used=1274Kb free=4530Kb
 bounds [0x000001c0e1ea0000, 0x000001c0e2110000, 0x000001c0e2440000]
 total_blobs=7103 nmethods=6564 adapters=451
 compilation: enabled
              stopped_count=0, restarted_count=0
 full_count=0

Compilation events (20 events):
Event: 19.167 Thread 0x000001c0f6417450 nmethod 6608 0x000001c0e313cf90 code [0x000001c0e313d120, 0x000001c0e313d268]
Event: 19.168 Thread 0x000001c0f640e5a0 6610       4       jdk.internal.org.objectweb.asm.SymbolTable$Entry::<init> (17 bytes)
Event: 19.173 Thread 0x000001c0f640e5a0 nmethod 6610 0x000001c0e9c14810 code [0x000001c0e9c14980, 0x000001c0e9c14bb8]
Event: 19.176 Thread 0x000001c0f6417450 6612       3       org.codehaus.plexus.classworlds.realm.Entry::matches (282 bytes)
Event: 19.186 Thread 0x000001c0f6417450 nmethod 6612 0x000001c0e313d310 code [0x000001c0e313da20, 0x000001c0e31415f8]
Event: 19.402 Thread 0x000001c0f6417450 6613       3       java.util.concurrent.locks.AbstractQueuedSynchronizer::signalNext (34 bytes)
Event: 19.403 Thread 0x000001c0f6417450 nmethod 6613 0x000001c0e3142a10 code [0x000001c0e3142be0, 0x000001c0e3142e98]
Event: 19.403 Thread 0x000001c0f6417450 6614       1       java.util.concurrent.atomic.AtomicInteger::get (5 bytes)
Event: 19.403 Thread 0x000001c0f6417450 nmethod 6614 0x000001c0e9c14c10 code [0x000001c0e9c14da0, 0x000001c0e9c14e78]
Event: 20.795 Thread 0x000001c0f640e5a0 6615       4       java.util.concurrent.locks.AbstractQueuedSynchronizer::release (19 bytes)
Event: 20.797 Thread 0x000001c0f640e5a0 nmethod 6615 0x000001c0e9c14f10 code [0x000001c0e9c150a0, 0x000001c0e9c151b8]
Event: 21.728 Thread 0x000001c0f6417450 6616   !   3       java.io.BufferedReader::readLine (327 bytes)
Event: 21.731 Thread 0x000001c0f6417450 nmethod 6616 0x000001c0e3143010 code [0x000001c0e3143320, 0x000001c0e3144618]
Event: 21.731 Thread 0x000001c0f640e5a0 6618       4       java.nio.ByteBuffer::array (35 bytes)
Event: 21.731 Thread 0x000001c0f6417450 6617       3       org.apache.maven.surefire.util.internal.StringUtils::digit (33 bytes)
Event: 21.732 Thread 0x000001c0f6417450 nmethod 6617 0x000001c0e3145090 code [0x000001c0e3145240, 0x000001c0e3145418]
Event: 21.732 Thread 0x000001c0f640e5a0 nmethod 6618 0x000001c0e9c15310 code [0x000001c0e9c15480, 0x000001c0e9c15538]
Event: 21.737 Thread 0x000001c0f640e5a0 6619       4       java.lang.StringLatin1::regionMatchesCI (98 bytes)
Event: 21.746 Thread 0x000001c0f6417450 6620       3       java.util.Locale::hashCode (41 bytes)
Event: 21.747 Thread 0x000001c0f6417450 nmethod 6620 0x000001c0e3145490 code [0x000001c0e3145640, 0x000001c0e3145858]

GC Heap History (20 events):
Event: 7.592 GC heap before
{Heap before GC invocations=8 (full 0):
 garbage-first heap   total 51200K, used 34233K [0x00000000c1a00000, 0x0000000100000000)
  region size 1024K, 3 young (3072K), 2 survivors (2048K)
 Metaspace       used 22214K, committed 22400K, reserved 1073152K
  class space    used 2267K, committed 2368K, reserved 1048576K
}
Event: 7.596 GC heap after
{Heap after GC invocations=9 (full 0):
 garbage-first heap   total 61440K, used 34219K [0x00000000c1a00000, 0x0000000100000000)
  region size 1024K, 2 young (2048K), 2 survivors (2048K)
 Metaspace       used 22214K, committed 22400K, reserved 1073152K
  class space    used 2267K, committed 2368K, reserved 1048576K
}
Event: 8.366 GC heap before
{Heap before GC invocations=10 (full 0):
 garbage-first heap   total 81920K, used 58795K [0x00000000c1a00000, 0x0000000100000000)
  region size 1024K, 15 young (15360K), 2 survivors (2048K)
 Metaspace       used 23737K, committed 23872K, reserved 1073152K
  class space    used 2429K, committed 2496K, reserved 1048576K
}
Event: 8.374 GC heap after
{Heap after GC invocations=11 (full 0):
 garbage-first heap   total 81920K, used 14466K [0x00000000c1a00000, 0x0000000100000000)
  region size 1024K, 2 young (2048K), 2 survivors (2048K)
 Metaspace       used 23737K, committed 23872K, reserved 1073152K
  class space    used 2429K, committed 2496K, reserved 1048576K
}
Event: 12.338 GC heap before
{Heap before GC invocations=11 (full 0):
 garbage-first heap   total 81920K, used 63618K [0x00000000c1a00000, 0x0000000100000000)
  region size 1024K, 48 young (49152K), 2 survivors (2048K)
 Metaspace       used 30959K, committed 31232K, reserved 1081344K
  class space    used 3239K, committed 3328K, reserved 1048576K
}
Event: 12.355 GC heap after
{Heap after GC invocations=12 (full 0):
 garbage-first heap   total 81920K, used 24210K [0x00000000c1a00000, 0x0000000100000000)
  region size 1024K, 6 young (6144K), 6 survivors (6144K)
 Metaspace       used 30959K, committed 31232K, reserved 1081344K
  class space    used 3239K, committed 3328K, reserved 1048576K
}
Event: 13.452 GC heap before
{Heap before GC invocations=12 (full 0):
 garbage-first heap   total 81920K, used 60050K [0x00000000c1a00000, 0x0000000100000000)
  region size 1024K, 41 young (41984K), 6 survivors (6144K)
 Metaspace       used 31571K, committed 31808K, reserved 1081344K
  class space    used 3302K, committed 3392K, reserved 1048576K
}
Event: 13.476 GC heap after
{Heap after GC invocations=13 (full 0):
 garbage-first heap   total 81920K, used 33763K [0x00000000c1a00000, 0x0000000100000000)
  region size 1024K, 6 young (6144K), 6 survivors (6144K)
 Metaspace       used 31571K, committed 31808K, reserved 1081344K
  class space    used 3302K, committed 3392K, reserved 1048576K
}
Event: 15.008 GC heap before
{Heap before GC invocations=13 (full 0):
 garbage-first heap   total 81920K, used 59363K [0x00000000c1a00000, 0x0000000100000000)
  region size 1024K, 31 young (31744K), 6 survivors (6144K)
 Metaspace       used 33716K, committed 33984K, reserved 1081344K
  class space    used 3539K, committed 3648K, reserved 1048576K
}
Event: 15.032 GC heap after
{Heap after GC invocations=14 (full 0):
 garbage-first heap   total 81920K, used 37626K [0x00000000c1a00000, 0x0000000100000000)
  region size 1024K, 3 young (3072K), 3 survivors (3072K)
 Metaspace       used 33716K, committed 33984K, reserved 1081344K
  class space    used 3539K, committed 3648K, reserved 1048576K
}
Event: 15.641 GC heap before
{Heap before GC invocations=14 (full 0):
 garbage-first heap   total 81920K, used 49914K [0x00000000c1a00000, 0x0000000100000000)
  region size 1024K, 15 young (15360K), 3 survivors (3072K)
 Metaspace       used 33835K, committed 34112K, reserved 1081344K
  class space    used 3549K, committed 3648K, reserved 1048576K
}
Event: 15.656 GC heap after
{Heap after GC invocations=15 (full 0):
 garbage-first heap   total 81920K, used 37716K [0x00000000c1a00000, 0x0000000100000000)
  region size 1024K, 2 young (2048K), 2 survivors (2048K)
 Metaspace       used 33835K, committed 34112K, reserved 1081344K
  class space    used 3549K, committed 3648K, reserved 1048576K
}
Event: 16.108 GC heap before
{Heap before GC invocations=16 (full 0):
 garbage-first heap   total 81920K, used 61268K [0x00000000c1a00000, 0x0000000100000000)
  region size 1024K, 24 young (24576K), 2 survivors (2048K)
 Metaspace       used 33851K, committed 34112K, reserved 1081344K
  class space    used 3549K, committed 3648K, reserved 1048576K
}
Event: 16.121 GC heap after
{Heap after GC invocations=17 (full 0):
 garbage-first heap   total 81920K, used 49089K [0x00000000c1a00000, 0x0000000100000000)
  region size 1024K, 3 young (3072K), 3 survivors (3072K)
 Metaspace       used 33851K, committed 34112K, reserved 1081344K
  class space    used 3549K, committed 3648K, reserved 1048576K
}
Event: 16.142 GC heap before
{Heap before GC invocations=17 (full 0):
 garbage-first heap   total 81920K, used 50113K [0x00000000c1a00000, 0x0000000100000000)
  region size 1024K, 4 young (4096K), 3 survivors (3072K)
 Metaspace       used 33851K, committed 34112K, reserved 1081344K
  class space    used 3549K, committed 3648K, reserved 1048576K
}
Event: 16.151 GC heap after
{Heap after GC invocations=18 (full 0):
 garbage-first heap   total 81920K, used 44027K [0x00000000c1a00000, 0x0000000100000000)
  region size 1024K, 1 young (1024K), 1 survivors (1024K)
 Metaspace       used 33851K, committed 34112K, reserved 1081344K
  class space    used 3549K, committed 3648K, reserved 1048576K
}
Event: 16.579 GC heap before
{Heap before GC invocations=18 (full 0):
 garbage-first heap   total 81920K, used 61435K [0x00000000c1a00000, 0x0000000100000000)
  region size 1024K, 18 young (18432K), 1 survivors (1024K)
 Metaspace       used 33856K, committed 34112K, reserved 1081344K
  class space    used 3549K, committed 3648K, reserved 1048576K
}
Event: 16.592 GC heap after
{Heap after GC invocations=19 (full 0):
 garbage-first heap   total 163840K, used 49779K [0x00000000c1a00000, 0x0000000100000000)
  region size 1024K, 3 young (3072K), 3 survivors (3072K)
 Metaspace       used 33856K, committed 34112K, reserved 1081344K
  class space    used 3549K, committed 3648K, reserved 1048576K
}
Event: 19.189 GC heap before
{Heap before GC invocations=20 (full 0):
 garbage-first heap   total 163840K, used 103027K [0x00000000c1a00000, 0x0000000100000000)
  region size 1024K, 56 young (57344K), 3 survivors (3072K)
 Metaspace       used 36264K, committed 36608K, reserved 1089536K
  class space    used 3764K, committed 3904K, reserved 1048576K
}
Event: 19.198 GC heap after
{Heap after GC invocations=21 (full 0):
 garbage-first heap   total 163840K, used 48619K [0x00000000c1a00000, 0x0000000100000000)
  region size 1024K, 4 young (4096K), 4 survivors (4096K)
 Metaspace       used 36264K, committed 36608K, reserved 1089536K
  class space    used 3764K, committed 3904K, reserved 1048576K
}

Deoptimization events (20 events):
Event: 18.847 Thread 0x000001c0f866d950 DEOPT PACKING pc=0x000001c0e2d0a2a9 sp=0x00000007edafedf0
Event: 18.847 Thread 0x000001c0f866d950 DEOPT UNPACKING pc=0x000001c0e1ef2b43 sp=0x00000007edafe248 mode 3
Event: 19.141 Thread 0x000001c0de7cebe0 Uncommon trap: trap_request=0xffffffde fr.pc=0x000001c0e9aa7d10 relative=0x00000000000004f0
Event: 19.141 Thread 0x000001c0de7cebe0 Uncommon trap: reason=class_check action=maybe_recompile pc=0x000001c0e9aa7d10 method=java.util.Collections$UnmodifiableMap$UnmodifiableEntrySet$1.next()Ljava/util/Map$Entry; @ 8 c2
Event: 19.141 Thread 0x000001c0de7cebe0 DEOPT PACKING pc=0x000001c0e9aa7d10 sp=0x00000007ec2fd7d0
Event: 19.141 Thread 0x000001c0de7cebe0 DEOPT UNPACKING pc=0x000001c0e1ef23a3 sp=0x00000007ec2fd740 mode 2
Event: 19.141 Thread 0x000001c0de7cebe0 Uncommon trap: trap_request=0xffffffde fr.pc=0x000001c0e9aa7d10 relative=0x00000000000004f0
Event: 19.141 Thread 0x000001c0de7cebe0 Uncommon trap: reason=class_check action=maybe_recompile pc=0x000001c0e9aa7d10 method=java.util.Collections$UnmodifiableMap$UnmodifiableEntrySet$1.next()Ljava/util/Map$Entry; @ 8 c2
Event: 19.141 Thread 0x000001c0de7cebe0 DEOPT PACKING pc=0x000001c0e9aa7d10 sp=0x00000007ec2fd7d0
Event: 19.141 Thread 0x000001c0de7cebe0 DEOPT UNPACKING pc=0x000001c0e1ef23a3 sp=0x00000007ec2fd740 mode 2
Event: 19.141 Thread 0x000001c0de7cebe0 Uncommon trap: trap_request=0xffffffde fr.pc=0x000001c0e9aa7d10 relative=0x00000000000004f0
Event: 19.141 Thread 0x000001c0de7cebe0 Uncommon trap: reason=class_check action=maybe_recompile pc=0x000001c0e9aa7d10 method=java.util.Collections$UnmodifiableMap$UnmodifiableEntrySet$1.next()Ljava/util/Map$Entry; @ 8 c2
Event: 19.142 Thread 0x000001c0de7cebe0 DEOPT PACKING pc=0x000001c0e9aa7d10 sp=0x00000007ec2fd7d0
Event: 19.142 Thread 0x000001c0de7cebe0 DEOPT UNPACKING pc=0x000001c0e1ef23a3 sp=0x00000007ec2fd740 mode 2
Event: 19.142 Thread 0x000001c0de7cebe0 Uncommon trap: trap_request=0xffffffde fr.pc=0x000001c0e9aa7d10 relative=0x00000000000004f0
Event: 19.142 Thread 0x000001c0de7cebe0 Uncommon trap: reason=class_check action=maybe_recompile pc=0x000001c0e9aa7d10 method=java.util.Collections$UnmodifiableMap$UnmodifiableEntrySet$1.next()Ljava/util/Map$Entry; @ 8 c2
Event: 19.142 Thread 0x000001c0de7cebe0 DEOPT PACKING pc=0x000001c0e9aa7d10 sp=0x00000007ec2fd7d0
Event: 19.142 Thread 0x000001c0de7cebe0 DEOPT UNPACKING pc=0x000001c0e1ef23a3 sp=0x00000007ec2fd740 mode 2
Event: 21.728 Thread 0x000001c0f91073a0 DEOPT PACKING pc=0x000001c0e2637e76 sp=0x00000007ee1ff660
Event: 21.728 Thread 0x000001c0f91073a0 DEOPT UNPACKING pc=0x000001c0e1ef2b43 sp=0x00000007ee1feb48 mode 0

Classes unloaded (0 events):
No events

Classes redefined (0 events):
No events

Internal exceptions (20 events):
Event: 16.670 Thread 0x000001c0de7cebe0 Exception <a 'sun/nio/fs/WindowsException'{0x00000000cb7fdfb8}> (0x00000000cb7fdfb8) 
thrown [s\src\hotspot\share\prims\jni.cpp, line 516]
Event: 16.670 Thread 0x000001c0de7cebe0 Exception <a 'sun/nio/fs/WindowsException'{0x00000000cb7ff478}> (0x00000000cb7ff478) 
thrown [s\src\hotspot\share\prims\jni.cpp, line 516]
Event: 16.670 Thread 0x000001c0de7cebe0 Exception <a 'sun/nio/fs/WindowsException'{0x00000000cb7ff818}> (0x00000000cb7ff818) 
thrown [s\src\hotspot\share\prims\jni.cpp, line 516]
Event: 16.680 Thread 0x000001c0de7cebe0 Exception <a 'sun/nio/fs/WindowsException'{0x00000000cb6d6f20}> (0x00000000cb6d6f20) 
thrown [s\src\hotspot\share\prims\jni.cpp, line 516]
Event: 16.681 Thread 0x000001c0de7cebe0 Exception <a 'sun/nio/fs/WindowsException'{0x00000000cb6d71e8}> (0x00000000cb6d71e8) 
thrown [s\src\hotspot\share\prims\jni.cpp, line 516]
Event: 16.681 Thread 0x000001c0de7cebe0 Exception <a 'sun/nio/fs/WindowsException'{0x00000000cb6d8058}> (0x00000000cb6d8058) 
thrown [s\src\hotspot\share\prims\jni.cpp, line 516]
Event: 16.681 Thread 0x000001c0de7cebe0 Exception <a 'sun/nio/fs/WindowsException'{0x00000000cb6d82f8}> (0x00000000cb6d82f8) 
thrown [s\src\hotspot\share\prims\jni.cpp, line 516]
Event: 16.681 Thread 0x000001c0de7cebe0 Exception <a 'sun/nio/fs/WindowsException'{0x00000000cb6d9138}> (0x00000000cb6d9138) 
thrown [s\src\hotspot\share\prims\jni.cpp, line 516]
Event: 16.681 Thread 0x000001c0de7cebe0 Exception <a 'sun/nio/fs/WindowsException'{0x00000000cb6d9398}> (0x00000000cb6d9398) 
thrown [s\src\hotspot\share\prims\jni.cpp, line 516]
Event: 16.681 Thread 0x000001c0de7cebe0 Exception <a 'sun/nio/fs/WindowsException'{0x00000000cb6da3c0}> (0x00000000cb6da3c0) 
thrown [s\src\hotspot\share\prims\jni.cpp, line 516]
Event: 16.681 Thread 0x000001c0de7cebe0 Exception <a 'sun/nio/fs/WindowsException'{0x00000000cb6da660}> (0x00000000cb6da660) 
thrown [s\src\hotspot\share\prims\jni.cpp, line 516]
Event: 16.681 Thread 0x000001c0de7cebe0 Exception <a 'sun/nio/fs/WindowsException'{0x00000000cb6db590}> (0x00000000cb6db590) 
thrown [s\src\hotspot\share\prims\jni.cpp, line 516]
Event: 16.682 Thread 0x000001c0de7cebe0 Exception <a 'sun/nio/fs/WindowsException'{0x00000000cb6db8f0}> (0x00000000cb6db8f0) 
thrown [s\src\hotspot\share\prims\jni.cpp, line 516]
Event: 17.597 Thread 0x000001c0de7cebe0 Exception <a 'java/lang/NoSuchMethodError'{0x00000000c9d232b8}: 'java.lang.String org.apache.maven.execution.MavenExecutionRequest.getFailureBehavior()'> (0x00000000c9d232b8) 
thrown [s\src\hotspot\share\interpreter\linkResolver.cpp, line 855]
Event: 17.618 Thread 0x000001c0f9cf39b0 Exception <a 'java/lang/NoSuchMethodError'{0x00000000c9f46898}: 'java.lang.Object java.lang.invoke.DirectMethodHandle$Holder.invokeStaticInit(java.lang.Object, java.lang.Object, long, java.lang.Object)'> (0x00000000c9f46898) 
thrown [s\src\hotspot\share\interpreter\linkResolver.cpp, line 759]
Event: 17.619 Thread 0x000001c0f9cf39b0 Exception <a 'java/lang/NoSuchMethodError'{0x00000000c9f4cfd8}: 'java.lang.Object java.lang.invoke.DirectMethodHandle$Holder.newInvokeSpecial(java.lang.Object, java.lang.Object, long)'> (0x00000000c9f4cfd8) 
thrown [s\src\hotspot\share\interpreter\linkResolver.cpp, line 759]
Event: 17.619 Thread 0x000001c0f9cf39b0 Exception <a 'java/lang/NoSuchMethodError'{0x00000000c9f50b48}: 'java.lang.Object java.lang.invoke.Invokers$Holder.linkToTargetMethod(java.lang.Object, long, java.lang.Object)'> (0x00000000c9f50b48) 
thrown [s\src\hotspot\share\interpreter\linkResolver.cpp, line 759]
Event: 18.111 Thread 0x000001c0de7cebe0 Exception <a 'java/lang/NoSuchMethodError'{0x00000000c9c3e298}: 'java.lang.Object java.lang.invoke.DirectMethodHandle$Holder.invokeStaticInit(java.lang.Object, java.lang.Object, int, int, int, int)'> (0x00000000c9c3e298) 
thrown [s\src\hotspot\share\interpreter\linkResolver.cpp, line 759]
Event: 19.167 Thread 0x000001c0de7cebe0 Exception <a 'java/lang/NoSuchMethodError'{0x00000000c8678748}: 'void java.lang.invoke.DirectMethodHandle$Holder.invokeStatic(java.lang.Object, long)'> (0x00000000c8678748) 
thrown [s\src\hotspot\share\interpreter\linkResolver.cpp, line 759]
Event: 19.169 Thread 0x000001c0de7cebe0 Exception <a 'java/lang/NoSuchMethodError'{0x00000000c867dd98}: 'java.lang.Object java.lang.invoke.DirectMethodHandle$Holder.newInvokeSpecial(java.lang.Object, long)'> (0x00000000c867dd98) 
thrown [s\src\hotspot\share\interpreter\linkResolver.cpp, line 759]

VM Operations (20 events):
Event: 16.699 Executing VM operation: G1Concurrent
Event: 16.709 Executing VM operation: G1Concurrent done
Event: 16.762 Executing VM operation: G1Concurrent
Event: 16.763 Executing VM operation: G1Concurrent done
Event: 17.505 Executing VM operation: HandshakeAllThreads
Event: 17.505 Executing VM operation: HandshakeAllThreads done
Event: 17.787 Executing VM operation: HandshakeAllThreads
Event: 17.787 Executing VM operation: HandshakeAllThreads done
Event: 17.787 Executing VM operation: Cleanup
Event: 17.787 Executing VM operation: Cleanup done
Event: 18.801 Executing VM operation: Cleanup
Event: 18.801 Executing VM operation: Cleanup done
Event: 18.918 Executing VM operation: HandshakeAllThreads
Event: 18.918 Executing VM operation: HandshakeAllThreads done
Event: 19.172 Executing VM operation: HandshakeAllThreads
Event: 19.173 Executing VM operation: HandshakeAllThreads done
Event: 19.189 Executing VM operation: G1CollectForAllocation
Event: 19.199 Executing VM operation: G1CollectForAllocation done
Event: 21.223 Executing VM operation: Cleanup
Event: 21.223 Executing VM operation: Cleanup done

Events (20 events):
Event: 19.144 loading class java/lang/ProcessBuilder done
Event: 19.145 loading class java/lang/ProcessImpl
Event: 19.146 loading class java/lang/Process
Event: 19.146 loading class java/lang/Process done
Event: 19.146 loading class java/lang/ProcessImpl done
Event: 19.170 loading class java/lang/ProcessImpl$2
Event: 19.170 loading class java/lang/ProcessImpl$2 done
Event: 19.170 loading class java/lang/Process$PipeInputStream
Event: 19.171 loading class java/lang/Process$PipeInputStream done
Event: 19.173 loading class jdk/internal/event/ProcessStartEvent
Event: 19.174 loading class jdk/internal/event/Event
Event: 19.175 loading class jdk/internal/event/Event done
Event: 19.176 loading class jdk/internal/event/ProcessStartEvent done
Event: 19.183 Thread 0x000001c0f9106060 Thread added: 0x000001c0f9106060
Event: 19.183 Thread 0x000001c0f91073a0 Thread added: 0x000001c0f91073a0
Event: 19.184 Thread 0x000001c0f9106530 Thread added: 0x000001c0f9106530
Event: 21.740 loading class java/lang/Throwable$WrappedPrintWriter
Event: 21.741 loading class java/lang/Throwable$PrintStreamOrWriter
Event: 21.741 loading class java/lang/Throwable$PrintStreamOrWriter done
Event: 21.741 loading class java/lang/Throwable$WrappedPrintWriter done


Dynamic libraries:
0x00007ff7c0410000 - 0x00007ff7c041e000 	C:\Users\Nil\Downloads\sts-4.15.3.RELEASE\plugins\org.eclipse.justj.openjdk.hotspot.jre.full.win32.x86_64_17.0.4.v20220805-1047\jre\bin\javaw.exe
0x00007ffeeed90000 - 0x00007ffeeef88000 	C:\WINDOWS\SYSTEM32\ntdll.dll
0x00007ffeee930000 - 0x00007ffeee9ed000 	C:\WINDOWS\System32\KERNEL32.DLL
0x00007ffeec6b0000 - 0x00007ffeec97e000 	C:\WINDOWS\System32\KERNELBASE.dll
0x00007ffeecc70000 - 0x00007ffeecd70000 	C:\WINDOWS\System32\ucrtbase.dll
0x00007ffeddff0000 - 0x00007ffede009000 	C:\Users\Nil\Downloads\sts-4.15.3.RELEASE\plugins\org.eclipse.justj.openjdk.hotspot.jre.full.win32.x86_64_17.0.4.v20220805-1047\jre\bin\VCRUNTIME140.dll
0x00007ffedfc40000 - 0x00007ffedfc58000 	C:\Users\Nil\Downloads\sts-4.15.3.RELEASE\plugins\org.eclipse.justj.openjdk.hotspot.jre.full.win32.x86_64_17.0.4.v20220805-1047\jre\bin\jli.dll
0x00007ffeece20000 - 0x00007ffeecfc0000 	C:\WINDOWS\System32\USER32.dll
0x00007ffeecd70000 - 0x00007ffeecd92000 	C:\WINDOWS\System32\win32u.dll
0x00007ffeecdf0000 - 0x00007ffeece1a000 	C:\WINDOWS\System32\GDI32.dll
0x00007ffedaae0000 - 0x00007ffedad7a000 	C:\WINDOWS\WinSxS\amd64_microsoft.windows.common-controls_6595b64144ccf1df_6.0.19041.1110_none_60b5254171f9507e\COMCTL32.dll
0x00007ffeec980000 - 0x00007ffeeca8b000 	C:\WINDOWS\System32\gdi32full.dll
0x00007ffeedc10000 - 0x00007ffeedcae000 	C:\WINDOWS\System32\msvcrt.dll
0x00007ffeec4b0000 - 0x00007ffeec54d000 	C:\WINDOWS\System32\msvcp_win.dll
0x00007ffeee7f0000 - 0x00007ffeee820000 	C:\WINDOWS\System32\IMM32.DLL
0x00007ffee68a0000 - 0x00007ffee68ac000 	C:\Users\Nil\Downloads\sts-4.15.3.RELEASE\plugins\org.eclipse.justj.openjdk.hotspot.jre.full.win32.x86_64_17.0.4.v20220805-1047\jre\bin\vcruntime140_1.dll
0x00007ffed1dc0000 - 0x00007ffed1e51000 	C:\Users\Nil\Downloads\sts-4.15.3.RELEASE\plugins\org.eclipse.justj.openjdk.hotspot.jre.full.win32.x86_64_17.0.4.v20220805-1047\jre\bin\msvcp140.dll
0x00007ffe8f000000 - 0x00007ffe8fc46000 	C:\Users\Nil\Downloads\sts-4.15.3.RELEASE\plugins\org.eclipse.justj.openjdk.hotspot.jre.full.win32.x86_64_17.0.4.v20220805-1047\jre\bin\server\jvm.dll
0x00007ffeed6e0000 - 0x00007ffeed78e000 	C:\WINDOWS\System32\ADVAPI32.dll
0x00007ffeed070000 - 0x00007ffeed10c000 	C:\WINDOWS\System32\sechost.dll
0x00007ffeee6c0000 - 0x00007ffeee7e5000 	C:\WINDOWS\System32\RPCRT4.dll
0x00007ffeed790000 - 0x00007ffeed798000 	C:\WINDOWS\System32\PSAPI.DLL
0x00007ffee67d0000 - 0x00007ffee67d9000 	C:\WINDOWS\SYSTEM32\WSOCK32.dll
0x00007ffedb310000 - 0x00007ffedb337000 	C:\WINDOWS\SYSTEM32\WINMM.dll
0x00007ffeee570000 - 0x00007ffeee5db000 	C:\WINDOWS\System32\WS2_32.dll
0x00007ffee6bd0000 - 0x00007ffee6bda000 	C:\WINDOWS\SYSTEM32\VERSION.dll
0x00007ffeea280000 - 0x00007ffeea292000 	C:\WINDOWS\SYSTEM32\kernel.appcore.dll
0x00007ffee67c0000 - 0x00007ffee67ca000 	C:\Users\Nil\Downloads\sts-4.15.3.RELEASE\plugins\org.eclipse.justj.openjdk.hotspot.jre.full.win32.x86_64_17.0.4.v20220805-1047\jre\bin\jimage.dll
0x00007ffee0900000 - 0x00007ffee0ae4000 	C:\WINDOWS\SYSTEM32\DBGHELP.DLL
0x00007ffee0690000 - 0x00007ffee06bc000 	C:\WINDOWS\SYSTEM32\dbgcore.DLL
0x00007ffeecbb0000 - 0x00007ffeecc32000 	C:\WINDOWS\System32\bcryptPrimitives.dll
0x00007ffede010000 - 0x00007ffede035000 	C:\Users\Nil\Downloads\sts-4.15.3.RELEASE\plugins\org.eclipse.justj.openjdk.hotspot.jre.full.win32.x86_64_17.0.4.v20220805-1047\jre\bin\java.dll
0x00007ffee0af0000 - 0x00007ffee0b08000 	C:\Users\Nil\Downloads\sts-4.15.3.RELEASE\plugins\org.eclipse.justj.openjdk.hotspot.jre.full.win32.x86_64_17.0.4.v20220805-1047\jre\bin\zip.dll
0x00007ffeeddc0000 - 0x00007ffeee503000 	C:\WINDOWS\System32\SHELL32.dll
0x00007ffeea560000 - 0x00007ffeeacf5000 	C:\WINDOWS\SYSTEM32\windows.storage.dll
0x00007ffeee9f0000 - 0x00007ffeeed44000 	C:\WINDOWS\System32\combase.dll
0x00007ffeebd60000 - 0x00007ffeebd90000 	C:\WINDOWS\SYSTEM32\Wldp.dll
0x00007ffeee880000 - 0x00007ffeee92d000 	C:\WINDOWS\System32\SHCORE.dll
0x00007ffeee820000 - 0x00007ffeee875000 	C:\WINDOWS\System32\shlwapi.dll
0x00007ffeec3f0000 - 0x00007ffeec40f000 	C:\WINDOWS\SYSTEM32\profapi.dll
0x00007ffedf3b0000 - 0x00007ffedf3c9000 	C:\Users\Nil\Downloads\sts-4.15.3.RELEASE\plugins\org.eclipse.justj.openjdk.hotspot.jre.full.win32.x86_64_17.0.4.v20220805-1047\jre\bin\net.dll
0x00007ffedeb80000 - 0x00007ffedec8a000 	C:\WINDOWS\SYSTEM32\WINHTTP.dll
0x00007ffeebb40000 - 0x00007ffeebbaa000 	C:\WINDOWS\system32\mswsock.dll
0x00007ffed9210000 - 0x00007ffed9225000 	C:\Users\Nil\Downloads\sts-4.15.3.RELEASE\plugins\org.eclipse.justj.openjdk.hotspot.jre.full.win32.x86_64_17.0.4.v20220805-1047\jre\bin\nio.dll
0x0000000069ac0000 - 0x0000000069ae4000 	C:\Users\Nil\AppData\Local\Temp\jansi-2.4.0-5957731efab4f160-jansi.dll
0x00007ffee68b0000 - 0x00007ffee68c0000 	C:\Users\Nil\Downloads\sts-4.15.3.RELEASE\plugins\org.eclipse.justj.openjdk.hotspot.jre.full.win32.x86_64_17.0.4.v20220805-1047\jre\bin\verify.dll
0x00007ffeec0a0000 - 0x00007ffeec0b8000 	C:\WINDOWS\SYSTEM32\CRYPTSP.dll
0x00007ffeeb4e0000 - 0x00007ffeeb514000 	C:\WINDOWS\system32\rsaenh.dll
0x00007ffeecc40000 - 0x00007ffeecc67000 	C:\WINDOWS\System32\bcrypt.dll
0x00007ffeec3b0000 - 0x00007ffeec3de000 	C:\WINDOWS\SYSTEM32\USERENV.dll
0x00007ffeebcd0000 - 0x00007ffeebcdc000 	C:\WINDOWS\SYSTEM32\CRYPTBASE.dll
0x00007ffeeb850000 - 0x00007ffeeb88b000 	C:\WINDOWS\SYSTEM32\IPHLPAPI.DLL
0x00007ffeed1e0000 - 0x00007ffeed1e8000 	C:\WINDOWS\System32\NSI.dll
0x00007ffee0d30000 - 0x00007ffee0d47000 	C:\WINDOWS\SYSTEM32\dhcpcsvc6.DLL
0x00007ffee0b90000 - 0x00007ffee0bad000 	C:\WINDOWS\SYSTEM32\dhcpcsvc.DLL
0x00007ffeeb890000 - 0x00007ffeeb95a000 	C:\WINDOWS\SYSTEM32\DNSAPI.dll

dbghelp: loaded successfully - version: 4.0.5 - missing functions: none
symbol engine: initialized successfully - sym options: 0x614 - pdb path: .;C:\Users\Nil\Downloads\sts-4.15.3.RELEASE\plugins\org.eclipse.justj.openjdk.hotspot.jre.full.win32.x86_64_17.0.4.v20220805-1047\jre\bin;C:\WINDOWS\SYSTEM32;C:\WINDOWS\WinSxS\amd64_microsoft.windows.common-controls_6595b64144ccf1df_6.0.19041.1110_none_60b5254171f9507e;C:\Users\Nil\Downloads\sts-4.15.3.RELEASE\plugins\org.eclipse.justj.openjdk.hotspot.jre.full.win32.x86_64_17.0.4.v20220805-1047\jre\bin\server;C:\Users\Nil\AppData\Local\Temp

VM Arguments:
jvm_args: -Dmaven.home=EMBEDDED -Dclassworlds.conf=F:\SPRING BOOT\.metadata\.plugins\org.eclipse.m2e.launching\launches\m2conf15676931106944146825.tmp -Dmaven.multiModuleProjectDirectory=F:\SPRING BOOT\ComplaintRedressalSystem -Djansi.force=true -Djansi.passthrough=true -Djansi.passthrough=true -Dfile.encoding=Cp1252 -XX:+ShowCodeDetailsInExceptionMessages 
java_command: org.codehaus.plexus.classworlds.launcher.Launcher -Ppom.xml -B install -Dstyle.color=always -Dstyle.color=always
java_class_path (initial): C:\Users\Nil\Downloads\sts-4.15.3.RELEASE\plugins\org.eclipse.m2e.maven.runtime_1.18.3.20220227-1319\jars\plexus-classworlds-2.6.0.jar
Launcher Type: SUN_STANDARD

[Global flags]
     intx CICompilerCount                          = 3                                         {product} {ergonomic}
     uint ConcGCThreads                            = 1                                         {product} {ergonomic}
     uint G1ConcRefinementThreads                  = 4                                         {product} {ergonomic}
   size_t G1HeapRegionSize                         = 1048576                                   {product} {ergonomic}
    uintx GCDrainStackTargetSize                   = 64                                        {product} {ergonomic}
   size_t InitialHeapSize                          = 67108864                                  {product} {ergonomic}
   size_t MarkStackSize                            = 4194304                                   {product} {ergonomic}
   size_t MaxHeapSize                              = 1046478848                                {product} {ergonomic}
   size_t MaxNewSize                               = 627048448                                 {product} {ergonomic}
   size_t MinHeapDeltaBytes                        = 1048576                                   {product} {ergonomic}
   size_t MinHeapSize                              = 8388608                                   {product} {ergonomic}
    uintx NonNMethodCodeHeapSize                   = 5832780                                {pd product} {ergonomic}
    uintx NonProfiledCodeHeapSize                  = 122912730                              {pd product} {ergonomic}
    uintx ProfiledCodeHeapSize                     = 122912730                              {pd product} {ergonomic}
    uintx ReservedCodeCacheSize                    = 251658240                              {pd product} {ergonomic}
     bool SegmentedCodeCache                       = true                                      {product} {ergonomic}
     bool ShowCodeDetailsInExceptionMessages       = true                                   {manageable} {command line}
   size_t SoftMaxHeapSize                          = 1046478848                             {manageable} {ergonomic}
     bool UseCompressedClassPointers               = true                           {product lp64_product} {ergonomic}
     bool UseCompressedOops                        = true                           {product lp64_product} {ergonomic}
     bool UseG1GC                                  = true                                      {product} {ergonomic}
     bool UseLargePagesIndividualAllocation        = false                                  {pd product} {ergonomic}

Logging:
Log output configuration:
 #0: stdout all=warning uptime,level,tags
 #1: stderr all=off uptime,level,tags

Environment Variables:
PATH=C:/Users/Nil/Downloads/sts-4.15.3.RELEASE//plugins/org.eclipse.justj.openjdk.hotspot.jre.full.win32.x86_64_17.0.4.v20220805-1047/jre/bin/server;C:/Users/Nil/Downloads/sts-4.15.3.RELEASE//plugins/org.eclipse.justj.openjdk.hotspot.jre.full.win32.x86_64_17.0.4.v20220805-1047/jre/bin;C:\Program Files (x86)\Common Files\Oracle\Java\javapath;C:\WINDOWS\system32;C:\WINDOWS;C:\WINDOWS\System32\Wbem;C:\WINDOWS\System32\WindowsPowerShell\v1.0\;C:\WINDOWS\System32\OpenSSH\;C:\Program Files\Git\cmd;C:\Program Files\Java\jdk1.8.0_202\bin;C:\Program Files\nodejs\;C:\Program Files\Docker\Docker\resources\bin;C:\ProgramData\DockerDesktop\version-bin;C:\Program Files\Java\jdk1.8.0_202\bin;C:\Users\Nil\AppData\Roaming\npm;C:\Users\Nil\AppData\Local\Programs\Microsoft VS Code\bin;C:\Users\Nil\AppData\Local\Microsoft\WindowsApps;;C:\Users\Nil\Downloads\sts-4.15.3.RELEASE;
USERNAME=Nil
OS=Windows_NT
PROCESSOR_IDENTIFIER=Intel64 Family 6 Model 78 Stepping 3, GenuineIntel
TMP=C:\Users\Nil\AppData\Local\Temp
TEMP=C:\Users\Nil\AppData\Local\Temp



---------------  S Y S T E M  ---------------

OS:
 Windows 10 , 64 bit Build 19041 (10.0.19041.1889)
OS uptime: 2 days 22:42 hours
Hyper-V role detected

CPU: total 4 (initial active 4) (2 cores per cpu, 2 threads per core) family 6 model 78 stepping 3 microcode 0xcc, cx8, cmov, fxsr, ht, mmx, 3dnowpref, sse, sse2, sse3, ssse3, sse4.1, sse4.2, popcnt, lzcnt, tsc, tscinvbit, avx, avx2, aes, erms, clmul, bmi1, bmi2, adx, fma, vzeroupper, clflush, clflushopt, hv

Memory: 4k page, system-wide physical 3987M (268M free)
TotalPageFile size 16275M (AvailPageFile size 8M)
current process WorkingSet (physical memory assigned to process): 232M, peak: 249M
current process commit charge ("private bytes"): 292M, peak: 309M

vm_info: OpenJDK 64-Bit Server VM (17.0.4+8) for windows-amd64 JRE (17.0.4+8), built on Jul 19 2022 16:05:16 by "temurin" with MS VC++ 16.7 (VS2019)

END.
